   6.7980334017547239     
   0.0000000000000000        0.0000000000000000        0.0000000000000000     
   1.8223066499469065        2.6214255740479055        2.1118878723169363     
   1.8418503885788000       0.79720001098889604      -0.28288942179573018     
  -2.6940805918597635       -2.6804841951083493       -2.9373570394533690     
  0.95328210176629402        1.7428187859588233       -3.0216653183538864     
  -2.8917705797288007        1.4447871600097111       0.66415584871126621     
 walker           1 done
   6.7980334017547239     
 kldf and omega are   100000000000000.00       -5660000000.0000000       0.64072519999999999       0.11331479999999999        6.3670000000000003E-003   6.4235999999999998E-003
 D0uu is   0.0000000000000000        2.2523228621396099        10.000000000000000        2.5737495253829801        9.9730373228923792        9.9299008769385697        2.2523228621396099        0.0000000000000000        10.000000000000000        10.000000000000000        2.5684078266772001        10.000000000000000        10.000000000000000        10.000000000000000        0.0000000000000000        10.000000000000000        10.000000000000000        3.0122796827928400        2.5737495253829801        10.000000000000000        10.000000000000000        0.0000000000000000        2.1736567623415000        10.000000000000000        9.9730373228923792        2.5684078266772001        10.000000000000000        2.1736567623415000        0.0000000000000000        10.000000000000000        9.9299008769385697        10.000000000000000        3.0122796827928400        10.000000000000000        10.000000000000000        0.0000000000000000     
 Shear is   0.0000000000000000     
 actparams is   0.0000000000000000        0.0000000000000000        0.0000000000000000        0.0000000000000000        0.0000000000000000        0.0000000000000000     
 graderr and graderrsh and graderract are   0.0000000000000000        0.0000000000000000        0.0000000000000000     
   0.0000000000000000        0.0000000000000000        0.0000000000000000     
  -3.3606114419599709        2.1465830757088908        4.6394022988947925E-003
   2.5583660993180493       0.54473791108939529        1.6497425806874502     
 Time taken is   47.780991999999998     
  -3.3946733458953195        2.0295277151109907        2.1883327478524537     
   2.6636461401963172       -1.3028616418178287       -1.3766687318346935     
  -1.0632517537549926       -2.1211968244512311        2.9820601125465047     
 walker           1 done
 kldf and omega are   100000000000000.00        20070000000.000000       0.62740280000000004       0.11886345000000000        6.6666499999999997E-003   6.4659499999999998E-003
   6.7980334017547239     
 D0uu is   0.0000000000000000        2.2523228621396099        10.000000000000000        2.5737495253829801        9.9730373228923792        9.9299008769385697        2.2523228621396099        0.0000000000000000        10.000000000000000        10.000000000000000        2.5684078266772001        10.000000000000000        10.000000000000000        10.000000000000000        0.0000000000000000        10.000000000000000        10.000000000000000        3.0122796827928400        2.5737495253829801        10.000000000000000        10.000000000000000        0.0000000000000000        2.1736567623415000        10.000000000000000        9.9730373228923792        2.5684078266772001        10.000000000000000        2.1736567623415000        0.0000000000000000        10.000000000000000        9.9299008769385697        10.000000000000000        3.0122796827928400        10.000000000000000        10.000000000000000        0.0000000000000000     
 Shear is   5.0000000000000000     
 actparams is   0.0000000000000000        0   0.0000000000000000        0.0000000000000000        0.0000000000000000     
   2.5527413048358762        1.1955262936089974        3.1339028863370841     
  -3.0185195930045645       -2.0166384131557575       -2.4403070281111070     
  -2.1422268916574194       -1.1658433889187116        1.1276222619292371     
  0.53106245647668282       -3.2811534718245996        2.0559965504070088     
   2.8869150827722576       -9.6902482159651041E-002 -0.91174648978973227     
.0000000000000000        0.0000000000000000        0.0000000000000000        0.0000000000000000        0.0000000000000000     
 graderr and graderrsh and graderract are   0.0000000000000000        0.0000000000000000        0.0000000000000000     
 Time taken is   59.767582000000004     
 walker           1 done
   6.7980334017547239     
   0.0000000000000000        0.0000000000000000        0.0000000000000000     
   2.0837083387108457       -2.3641648470109917       -1.5342002418037661     
 kldf and omega are   100000000000000.00       -11705000000.000000       0.59654054999999995       0.15445225000000001        7.1301500000000000E-003   7.2471999999999996E-003
   2.1409349012118026      -0.23847975796216347       -1.7685717577291404     
   1.8976605353314382        1.3377011002224810       -3.1124193844704919     
 D0uu is   0.0000000000000000        2.2523228621396099        10.000000000000000        2.5737495253829801        9.9730373228923792        9.9299008769385697        2.2523228621396099        0.0000000000000000        10.000000000000000        10.000000000000000        2.5684078266772001        10.000000000000000        10.000000000000000        10.000000000000000        0.0000000000000000        10.000000000000000        10.000000000000000        3.0122796827928400        2.5737495253829801        10.000000000000000        10.000000000000000        0.0000000000000000        2.1736567623415000        10.000000000000000        9.9730373228923792        2.5684078266772001        10.000000000000000        2.1736567623415000        0.0000000000000000        10.000000000000000        9.9299008769385697        10.000000000000000        3.0122796827928400        10.000000000000000        10.000000000000000        0.0000000000000000     
 Shear is   10.000000000000000     
 actparams is   0.0000000000000000        0  -2.0219857043201919      -0.16145272468929206       -1.0199329754362996     
  -1.4478925563090037      -0.83054246178175228        3.3713501515451676     
.0000000000000000        0.0000000000000000        0.0000000000000000        0.0000000000000000        0.0000000000000000     
 graderr and graderrsh and graderract are   0.0000000000000000        0.0000000000000000        0.0000000000000000     
 Time taken is   106.98392799999999     
 walker           1 done
 kldf and omega are   100000000000000.00        77010000000.000000       0.56369935000000004       0.16827900000000001        9.5753499999999998E-003   8.8052500000000006E-003
 D0uu is   0.0000000000000000        2.2523228621396099        10.000000000000000        2.5737495253829801        9.9730373228923792        9.9299008769385697        2.2523228621396099        0.0000000000000000        10.000000000000000        10.000000000000000        2.5684078266772001        10.000000000000000        10.000000000000000        10.000000000000000        0.0000000000000000        10.000000000000000        10.000000000000000        3.0122796827928400        2.5737495253829801        10.000000000000000        10.000000000000000        0.0000000000000000        2.1736567623415000        10.000000000000000        9.9730373228923792        2.5684078266772001        10.000000000000000        2.1736567623415000        0.0000000000000000        10.000000000000000        9.9299008769385697        10.000000000000000        3.0122796827928400        10.000000000000000        10.000000000000000        0.0000000000000000     
 Shear is   15.000000000000000     
 actparams is   0.0000000000000000        0.0000000000000000        0.0000000000000000        0.0000000000000000        0.0000000000000000        0.0000000000000000     
 graderr and graderrsh and graderract are   0.0000000000000000        0.0000000000000000        0.0000000000000000     
 Time taken is   146.00964999999999     
   6.7980334017547239     
   0.0000000000000000        0.0000000000000000        0.0000000000000000     
   1.5801917333471809       -8.2894819282972779E-002   2.3677484953412744     
   1.3596290213731155       -2.1107257392417322        2.1125573484213520     
  0.96874363271773056       -2.3183279090705704      -0.31025282065282894     
   3.0329505227366651        2.6866217217296930       0.27067168278508541     
  -2.3001295744715522       0.51104740056908071        1.2023695440795863     
 walker           1 done
   6.7980334017547239     
   0.0000000000000000        0.0000000000000000        0.0000000000000000     
  -2.8866582556200306      -0.85985184559265815       -2.3560120470825456     
   1.2781833355899930       -1.9180818574345568        1.6972259549778077     
  -2.0160877496308709        1.0672026854348227       -1.8159162852884505     
   2.2366742812716365       -2.4634487734832318       -2.7539045279678431     
   1.5311320172582366        2.4821652811496833        1.7933514991628356     
 kldf and omega are   100000000000000.00        151390000000.00000       0.53063640000000001       0.17413785000000001        1.2434799999999999E-002   1.0920900000000001E-002
 D0uu is   0.0000000000000000        2.2523228621396099        10.000000000000000        2.5737495253829801        9.9730373228923792        9.9299008769385697        2.2523228621396099        0.0000000000000000        10.000000000000000        10.000000000000000        2.5684078266772001        10.000000000000000        10.000000000000000        10.000000000000000        0.0000000000000000        10.000000000000000        10.000000000000000        3.0122796827928400        2.5737495253829801        10.000000000000000        10.000000000000000        0.0000000000000000        2.1736567623415000        10.000000000000000        9.9730373228923792        2.5684078266772001        10.000000000000000        2.1736567623415000        0.0000000000000000        10.000000000000000        9.9299008769385697        10.000000000000000        3.0122796827928400        10.000000000000000        10.000000000000000        0.0000000000000000     
 Shear is   20.000000000000000     
 actparams is   0.0000000000000000        0.0000000000000000        0.0000000000000000        0.0000000000000000        0.0000000000000000        0.0000000000000000     
 graderr and graderrsh and graderract are   0.0000000000000000        0.0000000000000000        0.0000000000000000     
 Time taken is   146.74695300000002     
 walker           1 done
 kldf and omega are   100000000000000.00        305965000000.00000       0.48659530000000001       0.18941915000000001        1.5659400000000000E-002   1.2599750000000000E-002
 D0uu is   0.0000000000000000        2.2523228621396099        10.000000000000000        2.5737495253829801        9.9730373228923792        9.9299008769385697        2.2523228621396099        0.0000000000000000        10.000000000000000        10.000000000000000        2.5684078266772001        10.000000000000000        10.000000000000000        10.000000000000000        0.0000000000000000        10.000000000000000        10.000000000000000        3.0122796827928400        2.5737495253829801        10.000000000000000        10.000000000000000        0.0000000000000000        2.1736567623415000        10.000000000000000        9.9730373228923792        2.5684078266772001        10.000000000000000        2.1736567623415000        0.0000000000000000        10.000000000000000        9.9299008769385697        10.000000000000000        3.0122796827928400        10.000000000000000        10.000000000000000        0.0000000000000000     
 Shear is   25.000000000000000     
 actparams is   0.0000000000000000        0.0000000000000000        0.0000000000000000        0.0000000000000000        0.0000000000000000        0.0000000000000000     
 graderr and graderrsh and graderract are   0.0000000000000000        0.0000000000000000        0.0000000000000000     
 Time taken is   146.26381999999995     
   6.7980334017547239     
   0.0000000000000000        0.0000000000000000        0.0000000000000000     
  -1.9271166652325697       -1.3164730482118843E-002  -1.3946785493630325     
   2.1967998985157187        3.0909072766417860      -0.74575374662980476     
   2.1392626287998606        1.3546552178471458       -2.6902812859436906     
  -2.0383007921615306        3.1388625608512077        1.6642778625912069     
  -1.9924441932249650       -1.4878102510703637      -0.30799115366049912     
 walker           1 done
   6.7980334017547239     
   0.0000000000000000        0.0000000000000000        0.0000000000000000     
 -0.92634231656014598       -1.5951824950624336        1.7501181020584360     
 kldf and omega are   100000000000000.00        443895000000.00000       0.44091374999999999       0.18594495000000000        1.9637800000000000E-002   1.5198850000000000E-002
 D0uu is   0.0000000000000000        2.2523228621396099        10.000000000000000        2.5737495253829801        9.9730373228923792        9.9299008769385697        2.2523228621396099        0.0000000000000000        10.000000000000000        10.000000000000000        2.5684078266772001        10.000000000000000        10.000000000000000        10.000000000000000        0.0000000000000000        10.000000000000000        10.000000000000000        3.0122796827928400        2.5737495253829801        10.000000000000000        10.000000000000000        0.0000000000000000        2.1736567623415000        10.000000000000000        9.9730373228923792        2.5684078266772001        10.000000000000000        2.1736567623415000        0.0000000000000000        10.000000000000000        9.9299008769385697        10.000000000000000        3.0122796827928400        10.000000000000000        10.000000000000000        0.0000000000000000     
 Shear is   30.000000000000000     
  -7.2783804891882936E-002   2.4851576450074737       0.54636942325148463     
  0.41553339786520899      -0.81004527079558908      -0.71102977798002998     
 -0.10510771331543499        2.0572036131906168        3.2591112102596398     
   2.1023671630872842       -1.6154392754140086      -0.80204531257620459     
 actparams is   0.0000000000000000        0.0000000000000000        0.0000000000000000        0.0000000000000000        0.0000000000000000        0.0000000000000000     
 graderr and graderrsh and graderract are   0.0000000000000000        0.0000000000000000        0.0000000000000000     
 Time taken is   145.82699700000001     
 walker           1 done
   6.7980334017547239     
 kldf and omega are   100000000000000.00        653455000000.00000       0.39793590000000001       0.18416669999999999        2.4130900000000000E-002   1.7596350000000000E-002
 D0uu is   0.0000000000000000        2.2523228621396099        10.000000000000000        2.5737495253829801        9.9730373228923792        9.9299008769385697        2.2523228621396099        0.0000000000000000        10.000000000000000        10.000000000000000        2.5684078266772001        10.000000000000000        10.000000000000000        10.000000000000000        0.0000000000000000        10.000000000000000        10.000000000000000        3.0122796827928400        2.5737495253829801        10.000000000000000        10.000000000000000        0.0000000000000000        2.1736567623415000        10.000000000000000        9.9730373228923792        2.5684078266772001        10.000000000000000        2.1736567623415000        0.0000000000000000        10.000000000000000        9.9299008769385697        10.000000000000000        3.0122796827928400        10.000000000000000        10.000000000000000        0.0000000000000000     
 Shear is   35.000000000000000     
 actparams is   0.0000000000000000        0   0.0000000000000000        0.0000000000000000        0.0000000000000000     
   1.3396172967338997       -3.0667302860509347        3.1944536354187565     
  0.78850888470060032       -2.8247950367024197       0.90281213430258511     
   1.2096905024949980       0.75077097723096542       -1.1649938393560706     
  -1.7388038199561184        3.2369981575426596        1.0411912585559144     
   2.9427514952035945       0.56933435834172419        2.7252046854150529     
.0000000000000000        0.0000000000000000        0.0000000000000000        0.0000000000000000        0.0000000000000000     
 graderr and graderrsh and graderract are   0.0000000000000000        0.0000000000000000        0.0000000000000000     
 Time taken is   145.54021599999999     
 walker           1 done
   6.7980334017547239     
 kldf and omega are   100000000000000.00        814660000000.00000       0.36228640000000001       0.16973864999999999        2.6185350000000000E-002   1.8038749999999999E-002
 D0uu is   0.0000000000000000        2.2523228621396099        10.000000000000000        2.5737495253829801        9.9730373228923792        9.9299008769385697        2.2523228621396099        0.0000000000000000        10.000000000000000        10.000000000000000        2.5684078266772001        10.000000000000000        10.000000000000000        10.000000000000000        0.0000000000000000        10.000000000000000        10.000000000000000        3.0122796827928400        2.5737495253829801        10.000000000000000        10.000000000000000        0.0000000000000000        2.1736567623415000        10.000000000000000        9.9730373228923792        2.5684078266772001        10.000000000000000        2.1736567623415000        0.0000000000000000        10.000000000000000        9.9299008769385697        10.000000000000000        3.0122796827928400        10.000000000000000        10.000000000000000        0.0000000000000000     
 Shear is   40.000000000000000     
 actparams is   0.0000000000000000        0   0.0000000000000000        0.0000000000000000        0.0000000000000000     
  0.36066366469975913       -3.2127920422053617        7.4491858878895645E-002
  -2.6711550928088053       0.10140809328566552      -0.51562802599743729     
 -0.60247515885116609      -0.59681634079429902       -3.3174721376050500     
  -2.6435497043533442       -2.0004723290652446        3.0192652611518458     
   3.1467738991218299        1.6210426997443133       -2.2628186933203676     
.0000000000000000        0.0000000000000000        0.0000000000000000        0.0000000000000000        0.0000000000000000     
 graderr and graderrsh and graderract are   0.0000000000000000        0.0000000000000000        0.0000000000000000     
 Time taken is   144.89409400000011     
 walker           1 done
 kldf and omega are   100000000000000.00        901155000000.00000       0.31254609999999999       0.14526860000000000        2.6807850000000001E-002   1.7796300000000001E-002
   6.7980334017547239     
 D0uu is   0.0000000000000000        2.2523228621396099        10.000000000000000        2.5737495253829801        9.9730373228923792        9.9299008769385697        2.2523228621396099        0.0000000000000000        10.000000000000000        10.000000000000000        2.5684078266772001        10.000000000000000        10.000000000000000        10.000000000000000        0.0000000000000000        10.000000000000000        10.000000000000000        3.0122796827928400        2.5737495253829801        10.000000000000000        10.000000000000000        0.0000000000000000        2.1736567623415000        10.000000000000000        9.9730373228923792        2.5684078266772001        10.000000000000000        2.1736567623415000        0.0000000000000000        10.000000000000000        9.9299008769385697        10.000000000000000        3.0122796827928400        10.000000000000000        10.000000000000000        0.0000000000000000     
 Shear is   45.000000000000000     
 actparams is   0.0000000000000000        0   0.0000000000000000        0.0000000000000000        0.0000000000000000     
  0.71955938807166542        2.4174069065983717       -1.2962904160681759     
   3.1167300233263164       -1.3536819623622665       -2.3019763791095791     
  -3.0542441063209984       -1.3589791248225873        2.5577527631642227     
   2.0594285154630159       -2.5667117702981646        3.1240082111101644     
 -0.42497657345440837       -1.5860254176031314      -0.98383221866349679     
.0000000000000000        0.0000000000000000        0.0000000000000000        0.0000000000000000        0.0000000000000000     
 graderr and graderrsh and graderract are   0.0000000000000000        0.0000000000000000        0.0000000000000000     
 Time taken is   144.52607600000010     
 walker           1 done
   6.7980334017547239     
 kldf and omega are   100000000000000.00        1057965000000.0000       0.25866095000000000       0.12612329999999999        2.6896600000000000E-002   1.6316950000000000E-002
 D0uu is   0.0000000000000000        2.2523228621396099        10.000000000000000        2.5737495253829801        9.9730373228923792        9.9299008769385697        2.2523228621396099        0.0000000000000000        10.000000000000000        10.000000000000000        2.5684078266772001        10.000000000000000        10.000000000000000        10.000000000000000        0.0000000000000000        10.000000000000000        10.000000000000000        3.0122796827928400        2.5737495253829801        10.000000000000000        10.000000000000000        0.0000000000000000        2.1736567623415000        10.000000000000000        9.9730373228923792        2.5684078266772001        10.000000000000000        2.1736567623415000        0.0000000000000000        10.000000000000000        9.9299008769385697        10.000000000000000        3.0122796827928400        10.000000000000000        10.000000000000000        0.0000000000000000     
 Shear is   50.000000000000000     
 actparams is   0.0000000000000000        0   0.0000000000000000        0.0000000000000000        0.0000000000000000     
 -0.99634525623900771       -7.1946250971674716E-003   1.8660806890596542     
 -0.44235223659159673        1.1824077488755147       -1.0215250428077614     
   2.1446320275277024       -1.6893885786087630        2.4513582227876891     
   2.8371973758998044       -3.1166812459958950      -0.11934684936052965     
  -1.5766868078575287       -1.9873408678649744      -0.10749037560400088     
.0000000000000000        0.0000000000000000        0.0000000000000000        0.0000000000000000        0.0000000000000000     
 graderr and graderrsh and graderract are   0.0000000000000000        0.0000000000000000        0.0000000000000000     
 Time taken is   143.99948300000005     
 walker           1 done
   6.7980334017547239     
   0.0000000000000000        0.0000000000000000        0.0000000000000000     
  -2.1221168424604255       -2.0499359337234364      -0.66756571283383148     
  -2.9446725148541697       -1.8355241117927650        2.7980657991978268     
  -2.1665342552046907        1.7899952666326939       -2.2561534398576315     
   2.9418278518433243        1.3709750269338632        1.5040894697202465     
 -0.94810478229736317        1.9139233608428594        1.8097235788561288     
 kldf and omega are   100000000000000.00        940085000000.00000       0.21152009999999999       0.10106735000000000        2.2973150000000001E-002   1.3572300000000001E-002
 D0uu is   0.0000000000000000        2.2523228621396099        10.000000000000000        2.5737495253829801        9.9730373228923792        9.9299008769385697        2.2523228621396099        0.0000000000000000        10.000000000000000        10.000000000000000        2.5684078266772001        10.000000000000000        10.000000000000000        10.000000000000000        0.0000000000000000        10.000000000000000        10.000000000000000        3.0122796827928400        2.5737495253829801        10.000000000000000        10.000000000000000        0.0000000000000000        2.1736567623415000        10.000000000000000        9.9730373228923792        2.5684078266772001        10.000000000000000        2.1736567623415000        0.0000000000000000        10.000000000000000        9.9299008769385697        10.000000000000000        3.0122796827928400        10.000000000000000        10.000000000000000        0.0000000000000000     
 Shear is   55.000000000000000     
 actparams is   0.0000000000000000        0.0000000000000000        0.0000000000000000        0.0000000000000000        0.0000000000000000        0.0000000000000000     
 graderr and graderrsh and graderract are   0.0000000000000000        0.0000000000000000        0.0000000000000000     
 Time taken is   143.06722600000012     
 walker           1 done
   6.7980334017547239     
   0.0000000000000000        0.0000000000000000        0.0000000000000000     
   1.2930849848964423       -1.8021182277650969        3.2032591056265329     
   1.9525846240056040      -0.50613186067708305        2.5887508818659000     
   1.7640206033858430      -0.85370739542600149       -3.2840316455371603     
  -2.1450871827323352       -1.8110602763657491      -0.95967354985975817     
  0.39334480050829673        1.6080181760254093        2.1339610446959010     
 kldf and omega are   100000000000000.00        818795000000.00000       0.15547449999999999        6.9360749999999999E-002   1.8459949999999999E-002   1.0272000000000000E-002
 D0uu is   0.0000000000000000        2.2523228621396099        10.000000000000000        2.5737495253829801        9.9730373228923792        9.9299008769385697        2.2523228621396099        0.0000000000000000        10.000000000000000        10.000000000000000        2.5684078266772001        10.000000000000000        10.000000000000000        10.000000000000000        0.0000000000000000        10.000000000000000        10.000000000000000        3.0122796827928400        2.5737495253829801        10.000000000000000        10.000000000000000        0.0000000000000000        2.1736567623415000        10.000000000000000        9.9730373228923792        2.5684078266772001        10.000000000000000        2.1736567623415000        0.0000000000000000        10.000000000000000        9.9299008769385697        10.000000000000000        3.0122796827928400        10.000000000000000        10.000000000000000        0.0000000000000000     
 Shear is   60.000000000000000     
 actparams is   0.0000000000000000        0.0000000000000000        0.0000000000000000        0.0000000000000000        0.0000000000000000        0.0000000000000000     
 graderr and graderrsh and graderract are   0.0000000000000000        0.0000000000000000        0.0000000000000000     
 Time taken is   140.43583400000011     
 walker           1 done
 kldf and omega are   100000000000000.00        706090000000.00000       0.12413560000000000        5.3478199999999997E-002   1.4803900000000000E-002   7.7429999999999999E-003
   6.7980334017547239     
   0.0000000000000000        0.0000000000000000        0.0000000000000000     
   2.9604201004949480       -2.5217115501099192       -2.5166567804061630     
   2.9879190821209791       0.37897560109360373       -2.8147796415521293     
   1.0223989864250886       -1.0935035290912560        1.1501605643052841     
  0.47893185855738835       -2.1095447369596005       -2.3131255644399449     
  -2.1340888327652356       0.40318265149522792       -1.8701267340389818     
 D0uu is   0.0000000000000000        2.2523228621396099        10.000000000000000        2.5737495253829801        9.9730373228923792        9.9299008769385697        2.2523228621396099        0.0000000000000000        10.000000000000000        10.000000000000000        2.5684078266772001        10.000000000000000        10.000000000000000        10.000000000000000        0.0000000000000000        10.000000000000000        10.000000000000000        3.0122796827928400        2.5737495253829801        10.000000000000000        10.000000000000000        0.0000000000000000        2.1736567623415000        10.000000000000000        9.9730373228923792        2.5684078266772001        10.000000000000000        2.1736567623415000        0.0000000000000000        10.000000000000000        9.9299008769385697        10.000000000000000        3.0122796827928400        10.000000000000000        10.000000000000000        0.0000000000000000     
 Shear is   65.000000000000000     
 actparams is   0.0000000000000000        0.0000000000000000        0.0000000000000000        0.0000000000000000        0.0000000000000000        0.0000000000000000     
 graderr and graderrsh and graderract are   0.0000000000000000        0.0000000000000000        0.0000000000000000     
 Time taken is   138.72034499999995     
 walker           1 done
 kldf and omega are   100000000000000.00        487820000000.00000        8.8711550000000000E-002   3.6440250000000000E-002   1.0457400000000000E-002   5.5792000000000003E-003
 D0uu is   0.0000000000000000        2.2523228621396099        10.000000000000000        2.5737495253829801        9.9730373228923792        9.9299008769385697        2.2523228621396099        0.0000000000000000        10.000000000000000        10.000000000000000        2.5684078266772001        10.000000000000000        10.000000000000000        10.000000000000000        0.0000000000000000        10.000000000000000        10.000000000000000        3.0122796827928400        2.5737495253829801        10.000000000000000        10.000000000000000        0.0000000000000000        2.1736567623415000        10.000000000000000        9.9730373228923792        2.5684078266772001        10.000000000000000        2.1736567623415000        0.0000000000000000        10.000000000000000        9.9299008769385697        10.000000000000000        3.0122796827928400        10.000000000000000        10.000000000000000        0.0000000000000000     
 Shear is   70.000000000000000     
 actparams is   0.0000000000000000        0.0000000000000000        0.0000000000000000        0.0000000000000000        0.0000000000000000        0.0000000000000000     
 graderr and graderrsh and graderract are   0.0000000000000000        0.0000000000000000        0.0000000000000000     
 Time taken is   149.27844600000003     
